<?xml version="1.0" encoding="UTF-8"?>
<!-- Generated by org.testng.reporters.JUnitReportReporter -->
<testsuite hostname="Tharani-PC" failures="0" tests="11" name="com.testng.adactin.Adactin_With_Testng_Attributes" time="15.116" errors="0" timestamp="2022-11-19T18:13:38 SAST" skipped="0">
  <testcase classname="com.testng.adactin.Adactin_With_Testng_Attributes" name="login_Details_1" time="1.429"/>
  <system-out/>
  <testcase classname="com.testng.adactin.Adactin_With_Testng_Attributes" name="search_Hotel_1" time="1.566"/>
  <system-out/>
  <testcase classname="com.testng.adactin.Adactin_With_Testng_Attributes" name="select_Hotel_1" time="0.843"/>
  <system-out/>
  <testcase classname="com.testng.adactin.Adactin_With_Testng_Attributes" name="book_A_Hotel_1" time="0.744"/>
  <system-out/>
  <testcase classname="com.testng.adactin.Adactin_With_Testng_Attributes" name="booking_Confirmation_Page_1" time="3.771"/>
  <system-out/>
  <testcase classname="com.testng.adactin.Adactin_With_Testng_Attributes" name="login_Again" time="0.475"/>
  <system-out/>
  <testcase classname="com.testng.adactin.Adactin_With_Testng_Attributes" name="login_Details_2" time="0.984"/>
  <system-out/>
  <testcase classname="com.testng.adactin.Adactin_With_Testng_Attributes" name="search_Hotel_2" time="1.082"/>
  <system-out/>
  <testcase classname="com.testng.adactin.Adactin_With_Testng_Attributes" name="select_Hotel_2" time="0.531"/>
  <system-out/>
  <testcase classname="com.testng.adactin.Adactin_With_Testng_Attributes" name="book_A_Hotel_2" time="0.699"/>
  <system-out/>
  <testcase classname="com.testng.adactin.Adactin_With_Testng_Attributes" name="booking_Confirmation_Page_2" time="2.992"/>
  <system-out/>
</testsuite> <!-- com.testng.adactin.Adactin_With_Testng_Attributes -->
